<?xml version="1.0" encoding="UTF-8"?>
<testsuite name="DiceDetectionTest" tests="1" skipped="0" failures="0" errors="0" timestamp="2022-05-19T00:43:58" hostname="TAYLOR-DESKTOP" time="13.466">
  <properties/>
  <testcase name="d6$dice_recognition()" classname="DiceDetectionTest" time="13.466"/>
  <system-out><![CDATA[]]></system-out>
  <system-err><![CDATA[]]></system-err>
</testsuite>
